0 info it worked if it ends with ok
1 verbose cli [
1 verbose cli   'C:\\developer\\Node\\node-v14.18.2\\node.exe',
1 verbose cli   'C:\\developer\\Node\\node-v14.18.2\\node_modules\\npm\\bin\\npm-cli.js',
1 verbose cli   'run',
1 verbose cli   'serve'
1 verbose cli ]
2 info using npm@6.14.15
3 info using node@v14.18.2
4 verbose run-script [ 'preserve', 'serve', 'postserve' ]
5 info lifecycle avue-cli@2.0.0~preserve: avue-cli@2.0.0
6 info lifecycle avue-cli@2.0.0~serve: avue-cli@2.0.0
7 verbose lifecycle avue-cli@2.0.0~serve: unsafe-perm in lifecycle true
8 verbose lifecycle avue-cli@2.0.0~serve: PATH: C:\developer\Node\node-v14.18.2\node_modules\npm\node_modules\npm-lifecycle\node-gyp-bin;C:\Users\10415\Desktop\0工程\5Vue\SZYBGZDTGL-avue\node_modules\.bin;C:\developer\Oracle\instantclient_21_6;C:\developer\Python\Python3.10.6\Scripts\;C:\developer\Python\Python3.10.6\;C:\developer\Python\Python3.9.0\Scripts\;C:\developer\Python\Python3.9.0\;C:\Program Files\Common Files\Oracle\Java\javapath;C:\WINDOWS\system32;C:\WINDOWS;C:\WINDOWS\System32\Wbem;C:\WINDOWS\System32\WindowsPowerShell\v1.0\;C:\WINDOWS\System32\OpenSSH\;C:\developer\JAVA\java 18\bin;C:\developer\JAVA\java 18\jre\bin;C:\developer\JAVA\jre1.8\bin;C:\developer\JAVA\jre1.8\jre\bin;D:\tortoiseSVN\bin;D:\Bandizip\;C:\developer\MinGW\bin;C:\developer\Go\bin;C:\developer\PowerShell7\7\;C:\developer\Oracle\WINDOWS.X64_193000_db_home\bin;C:\developer\Node\node-v14.18.2\node_global;C:\developer\Node\node-v14.18.2;C:\Users\10415\AppData\Local\Microsoft\WindowsApps;D:\IDE\Microsoft VS Code\bin;C:\Users\10415\go\bin;
9 verbose lifecycle avue-cli@2.0.0~serve: CWD: C:\Users\10415\Desktop\0工程\5Vue\SZYBGZDTGL-avue
10 silly lifecycle avue-cli@2.0.0~serve: Args: [ '/d /s /c', 'vue-cli-service serve' ]
11 silly lifecycle avue-cli@2.0.0~serve: Returned: code: 1073807364  signal: null
12 info lifecycle avue-cli@2.0.0~serve: Failed to exec serve script
13 verbose stack Error: avue-cli@2.0.0 serve: `vue-cli-service serve`
13 verbose stack Exit status 1073807364
13 verbose stack     at EventEmitter.<anonymous> (C:\developer\Node\node-v14.18.2\node_modules\npm\node_modules\npm-lifecycle\index.js:332:16)
13 verbose stack     at EventEmitter.emit (events.js:400:28)
13 verbose stack     at ChildProcess.<anonymous> (C:\developer\Node\node-v14.18.2\node_modules\npm\node_modules\npm-lifecycle\lib\spawn.js:55:14)
13 verbose stack     at ChildProcess.emit (events.js:400:28)
13 verbose stack     at maybeClose (internal/child_process.js:1058:16)
13 verbose stack     at Process.ChildProcess._handle.onexit (internal/child_process.js:293:5)
14 verbose pkgid avue-cli@2.0.0
15 verbose cwd C:\Users\10415\Desktop\0工程\5Vue\SZYBGZDTGL-avue
16 verbose Windows_NT 10.0.22622
17 verbose argv "C:\\developer\\Node\\node-v14.18.2\\node.exe" "C:\\developer\\Node\\node-v14.18.2\\node_modules\\npm\\bin\\npm-cli.js" "run" "serve"
18 verbose node v14.18.2
19 verbose npm  v6.14.15
20 error code ELIFECYCLE
21 error errno 1073807364
22 error avue-cli@2.0.0 serve: `vue-cli-service serve`
22 error Exit status 1073807364
23 error Failed at the avue-cli@2.0.0 serve script.
23 error This is probably not a problem with npm. There is likely additional logging output above.
24 verbose exit [ 1073807364, true ]
